The system is: Linux - 4.19.128-microsoft-standard - x86_64
Compiling the C compiler identification source file "CMakeCCompilerId.c" succeeded.
Compiler: /usr/bin/cc 
Build flags: 
Id flags:  

The output was:
0


Compilation of the C compiler identification source "CMakeCCompilerId.c" produced "a.out"

The C compiler identification is GNU, found in "/mnt/d/dev/cpp/uni/cmake_task/tmp/CMakeFiles/3.10.2/CompilerIdC/a.out"

Determining if the C compiler works passed with the following output:
Change Dir: /mnt/d/dev/cpp/uni/cmake_task/tmp/CMakeFiles/CMakeTmp

Run Build Command:"/usr/bin/make" "cmTC_b2d79/fast"
make: Warning: File 'Makefile' has modification time 0.49 s in the future
/usr/bin/make -f CMakeFiles/cmTC_b2d79.dir/build.make CMakeFiles/cmTC_b2d79.dir/build
make[1]: Entering directory '/mnt/d/dev/cpp/uni/cmake_task/tmp/CMakeFiles/CMakeTmp'
make[1]: Warning: File 'CMakeFiles/cmTC_b2d79.dir/flags.make' has modification time 0.47 s in the future
Building C object CMakeFiles/cmTC_b2d79.dir/testCCompiler.c.o
/usr/bin/cc    -o CMakeFiles/cmTC_b2d79.dir/testCCompiler.c.o   -c /mnt/d/dev/cpp/uni/cmake_task/tmp/CMakeFiles/CMakeTmp/testCCompiler.c
Linking C executable cmTC_b2d79
/usr/bin/cmake -E cmake_link_script CMakeFiles/cmTC_b2d79.dir/link.txt --verbose=1
/usr/bin/cc      -rdynamic CMakeFiles/cmTC_b2d79.dir/testCCompiler.c.o  -o cmTC_b2d79 
make[1]: warning:  Clock skew detected.  Your build may be incomplete.
make[1]: Leaving directory '/mnt/d/dev/cpp/uni/cmake_task/tmp/CMakeFiles/CMakeTmp'
make: warning:  Clock skew detected.  Your build may be incomplete.


Compiling the CXX compiler identification source file "CMakeCXXCompilerId.cpp" succeeded.
Compiler: /usr/bin/c++ 
Build flags: 
Id flags:  

The output was:
0


Compilation of the CXX compiler identification source "CMakeCXXCompilerId.cpp" produced "a.out"

The CXX compiler identification is GNU, found in "/mnt/d/dev/cpp/uni/cmake_task/tmp/CMakeFiles/3.10.2/CompilerIdCXX/a.out"

Determining if the CXX compiler works passed with the following output:
Change Dir: /mnt/d/dev/cpp/uni/cmake_task/tmp/CMakeFiles/CMakeTmp

Run Build Command:"/usr/bin/make" "cmTC_fa423/fast"
make: Warning: File 'Makefile' has modification time 0.48 s in the future
/usr/bin/make -f CMakeFiles/cmTC_fa423.dir/build.make CMakeFiles/cmTC_fa423.dir/build
make[1]: Entering directory '/mnt/d/dev/cpp/uni/cmake_task/tmp/CMakeFiles/CMakeTmp'
make[1]: Warning: File 'CMakeFiles/cmTC_fa423.dir/flags.make' has modification time 0.46 s in the future
Building CXX object CMakeFiles/cmTC_fa423.dir/testCXXCompiler.cxx.o
/usr/bin/c++     -o CMakeFiles/cmTC_fa423.dir/testCXXCompiler.cxx.o -c /mnt/d/dev/cpp/uni/cmake_task/tmp/CMakeFiles/CMakeTmp/testCXXCompiler.cxx
Linking CXX executable cmTC_fa423
/usr/bin/cmake -E cmake_link_script CMakeFiles/cmTC_fa423.dir/link.txt --verbose=1
/usr/bin/c++       -rdynamic CMakeFiles/cmTC_fa423.dir/testCXXCompiler.cxx.o  -o cmTC_fa423 
make[1]: warning:  Clock skew detected.  Your build may be incomplete.
make[1]: Leaving directory '/mnt/d/dev/cpp/uni/cmake_task/tmp/CMakeFiles/CMakeTmp'
make: warning:  Clock skew detected.  Your build may be incomplete.


